TN:
SF:src/modules/users/services/CreateUserService.ts
FN:15,CreateUserService
FN:22,execute
FNF:2
FNH:2
FNDA:2,CreateUserService
FNDA:3,execute
DA:1,1
DA:2,1
DA:3,1
DA:4,1
DA:5,1
DA:6,1
DA:7,1
DA:8,1
DA:9,1
DA:10,1
DA:11,1
DA:12,1
DA:13,1
DA:14,1
DA:15,1
DA:16,2
DA:17,2
DA:18,2
DA:19,2
DA:20,2
DA:21,1
DA:22,1
DA:23,3
DA:24,3
DA:25,3
DA:26,1
DA:27,1
DA:28,2
DA:29,2
DA:30,2
DA:31,2
DA:32,2
DA:33,2
DA:34,2
DA:35,2
DA:36,2
DA:37,2
DA:38,1
DA:39,1
DA:40,1
LF:40
LH:40
BRDA:15,0,0,2
BRDA:22,1,0,3
BRDA:25,2,0,1
BRDA:28,3,0,2
BRF:4
BRH:4
end_of_record
